<?xml version="1.0" encoding="UTF-8"?>
<!-- Generated by org.testng.reporters.JUnitReportReporter -->
<testsuite hostname="LAPTOP-QRMHUQJN" failures="0" tests="4" name="practice.Test_GET" time="20.244" errors="0" timestamp="2022-01-21T23:52:33 GST" skipped="0">
  <testcase classname="practice.Test_GET" name="test_1_1" time="2.605"/>
  <system-out/>
  <testcase classname="practice.Test_GET" name="test_1_2" time="8.891"/>
  <system-out/>
  <testcase classname="practice.Test_GET" name="test_3" time="0.920"/>
  <system-out/>
  <testcase classname="practice.Test_GET" name="test_2" time="7.828"/>
  <system-out/>
</testsuite> <!-- practice.Test_GET -->
